<?xml version="1.0" encoding="UTF-8"?>
<!-- Generated by org.testng.reporters.JUnitReportReporter -->
<testsuite hostname="LAPTOP-FL730MCA" failures="0" tests="1" name="com.testCase.LoginTestCase" time="2.479" errors="0" timestamp="2020-08-27T12:26:12 PDT" skipped="0">
  <testcase classname="com.testCase.LoginTestCase" name="login" time="2.479"/>
  <system-out/>
</testsuite> <!-- com.testCase.LoginTestCase -->
