<?xml version="1.0" encoding="UTF-8"?>
<!-- Generated by org.testng.reporters.JUnitReportReporter -->
<testsuite hostname="LAPTOP-FL730MCA" failures="0" tests="3" name="com.testCase.AdminTestCase" time="10.209" errors="0" timestamp="2020-08-31T08:11:34 PDT" skipped="0">
  <testcase classname="com.testCase.AdminTestCase" name="startup" time="6.416"/>
  <system-out/>
  <testcase classname="com.testCase.AdminTestCase" name="login" time="1.859"/>
  <system-out/>
  <testcase classname="com.testCase.AdminTestCase" name="adminClick" time="1.934"/>
  <system-out/>
</testsuite> <!-- com.testCase.AdminTestCase -->
