<?xml version="1.0" encoding="UTF-8"?>
<!-- Generated by org.testng.reporters.JUnitReportReporter -->
<testsuite hostname="LAPTOP-FL730MCA" failures="0" tests="1" name="com.testCase.DBLoginTestCase" time="3.255" errors="0" timestamp="2020-09-10T11:09:26 PDT" skipped="0">
  <testcase classname="com.testCase.DBLoginTestCase" name="login" time="3.255"/>
  <system-out/>
</testsuite> <!-- com.testCase.DBLoginTestCase -->
